LST 0.1

SB()
	RotRel3f(0, 0, 1, 0)
	RotRel3f(0.0115659, 0, 0, 1)
	Cylinder(3, 3, 166.568)
	MovRel3f(0, 166.568, 0)
	SB()
		RotRel3f(2.76109, 0, 1, 0)
		RotRel3f(-0.875606, 0, 0, 1)
		Cylinder(3, 3, 120.011)
		MovRel3f(0, 120.011, 0)
		SB()
			RotRel3f(2.76109, 0, 1, 0)
			RotRel3f(-0.874186, 0, 0, 1)
			Cylinder(3, 2.12132, 100.776)
			MovRel3f(0, 100.776, 0)
		EB()
		SB()
			RotRel3f(0.628796, 0, 1, 0)
			RotRel3f(-0.63561, 0, 0, 1)
			Cylinder(3, 2.12132, 101.263)
			MovRel3f(0, 101.263, 0)
		EB()
	EB()
	SB()
		RotRel3f(0.628796, 0, 1, 0)
		RotRel3f(-0.635886, 0, 0, 1)
		Cylinder(3, 3, 133.143)
		MovRel3f(0, 133.143, 0)
		SB()
			RotRel3f(2.76109, 0, 1, 0)
			RotRel3f(-0.872768, 0, 0, 1)
			Cylinder(3, 2.12132, 111.573)
			MovRel3f(0, 111.573, 0)
		EB()
		SB()
			RotRel3f(0.628796, 0, 1, 0)
			RotRel3f(-0.63572, 0, 0, 1)
			Cylinder(3, 2.12132, 111.687)
			MovRel3f(0, 111.687, 0)
		EB()
	EB()
EB()
