LST 0.1

SB()
	RotRel3f(0, 0, 1, 0)
	RotRel3f(0.0214529, 0, 0, 1)
	Cylinder(3, 3, 147.223)
	MovRel3f(0, 147.223, 0)
	SB()
		RotRel3f(3.01724, 0, 1, 0)
		RotRel3f(0.32247, 0, 0, 1)
		Cylinder(3, 3, 2.49152)
		MovRel3f(0, 2.49152, 0)
		SB()
			RotRel3f(2.75762, 0, 1, 0)
			RotRel3f(-0.698063, 0, 0, 1)
			Cylinder(3, 3, 4.41844)
			MovRel3f(0, 4.41844, 0)
			SB()
				RotRel3f(1.79769, 0, 1, 0)
				RotRel3f(0.698064, 0, 0, 1)
				Cylinder(2.12132, 2.11133, 0.864267)
				MovRel3f(0, 0.864267, 0)
				Cylinder(2.11133, 1.5, 52.8591)
				MovRel3f(0, 52.8591, 0)
			EB()
			Cylinder(3, 3, 71.4324)
			MovRel3f(0, 71.4324, 0)
		EB()
		Cylinder(3, 3, 169.089)
		MovRel3f(0, 169.089, 0)
	EB()
	Cylinder(3, 3, 65.1699)
	MovRel3f(0, 65.1699, 0)
	SB()
		RotRel3f(2.02056, 0, 1, 0)
		RotRel3f(-0.313416, 0, 0, 1)
		Cylinder(3, 3, 5.06361)
		MovRel3f(0, 5.06361, 0)
		SB()
			RotRel3f(2.75762, 0, 1, 0)
			RotRel3f(-0.698063, 0, 0, 1)
			Cylinder(3, 3, 6.22415)
			MovRel3f(0, 6.22415, 0)
			SB()
				RotRel3f(1.79769, 0, 1, 0)
				RotRel3f(0.698063, 0, 0, 1)
				Cylinder(2.12132, 2.07296, 4.17934)
				MovRel3f(0, 4.17934, 0)
				Cylinder(2.07296, 1.5, 49.5179)
				MovRel3f(0, 49.5179, 0)
			EB()
			Cylinder(3, 3, 69.8892)
			MovRel3f(0, 69.8892, 0)
		EB()
		Cylinder(3, 3, 166.303)
		MovRel3f(0, 166.303, 0)
	EB()
	Cylinder(3, 3, 65.1702)
	MovRel3f(0, 65.1702, 0)
EB()
