LST 0.1

SB()
	RotRel3f(0, 0, 1, 0)
	RotRel3f(-0.312308, 0, 0, 1)
	Cylinder(11.7871, 11.2869, 15.2306)
	MovRel3f(0, 15.2306, 0)
	RotRel3f(0.274891, 0, 0, 1)
	Cylinder(11.2869, 10.3296, 29.1419)
	MovRel3f(0, 29.1419, 0)
	RotRel3f(0.251005, 0, 0, 1)
	Cylinder(10.3296, 9.60406, 22.0892)
	MovRel3f(0, 22.0892, 0)
	RotRel3f(0.413875, 0, 0, 1)
	Cylinder(9.60406, 8.28751, 40.0814)
	MovRel3f(0, 40.0814, 0)
	RotRel3f(0.194105, 0, 0, 1)
	Cylinder(8.28751, 8.15662, 3.98474)
	MovRel3f(0, 3.98474, 0)
	SB()
		RotRel3f(2.35619, 0, 1, 0)
		RotRel3f(0.433029, 0, 0, 1)
		Cylinder(8.15662, 7.60522, 14.4127)
		MovRel3f(0, 14.4127, 0)
		RotRel3f(0.875134, 0, 0, 1)
		Cylinder(7.60522, 5.91302, 44.2304)
		MovRel3f(0, 44.2304, 0)
		Cylinder(5.91302, 5.87252, 1.05858)
		MovRel3f(0, 1.05858, 0)
		SB()
			RotRel3f(2.35619, 0, 1, 0)
			RotRel3f(0.437268, 0, 0, 1)
			Cylinder(4.1525, 4.02245, 10.1573)
			MovRel3f(0, 10.1573, 0)
			RotRel3f(0.896569, 0, 0, 1)
			Cylinder(4.02245, 3.68331, 26.4866)
			MovRel3f(0, 26.4866, 0)
			Cylinder(3.68331, 3.38691, 23.1493)
			MovRel3f(0, 23.1493, 0)
			Cylinder(3.38691, 3.27008, 9.12457)
			MovRel3f(0, 9.12457, 0)
			RotRel3f(-0.17225, 0, 0, 1)
			Cylinder(3.27008, 3.21, 4.69251)
			MovRel3f(0, 4.69251, 0)
			Cylinder(3.21, 2.93626, 21.3785)
			MovRel3f(0, 21.3785, 0)
		EB()
		Cylinder(5.87252, 5.20497, 17.4484)
		MovRel3f(0, 17.4484, 0)
		RotRel3f(0.179314, 0, 0, 1)
		Cylinder(5.20497, 4.7183, 12.7208)
		MovRel3f(0, 12.7208, 0)
		SB()
			RotRel3f(1.0637, 0, 1, 0)
			RotRel3f(-0.434994, 0, 0, 1)
			Cylinder(3.33634, 3.23185, 10.1774)
			MovRel3f(0, 10.1774, 0)
			RotRel3f(-0.695115, 0, 0, 1)
			Cylinder(3.23185, 2.92339, 30.0433)
			MovRel3f(0, 30.0433, 0)
			RotRel3f(0.141971, 0, 0, 1)
			Cylinder(2.92339, 2.9219, 0.145114)
			MovRel3f(0, 0.145114, 0)
			Cylinder(2.9219, 2.80285, 11.5952)
			MovRel3f(0, 11.5952, 0)
			Cylinder(2.80285, 2.67254, 12.6918)
			MovRel3f(0, 12.6918, 0)
			Cylinder(2.67254, 2.50907, 15.9215)
			MovRel3f(0, 15.9215, 0)
			RotRel3f(-0.137195, 0, 0, 1)
			Cylinder(2.50907, 2.35915, 14.6023)
			MovRel3f(0, 14.6023, 0)
		EB()
		Cylinder(4.7183, 4.08717, 16.4962)
		MovRel3f(0, 16.4962, 0)
		Cylinder(4.08717, 3, 28.4165)
		MovRel3f(0, 28.4165, 0)
	EB()
	Cylinder(8.15662, 6.97096, 36.0967)
	MovRel3f(0, 36.0967, 0)
	RotRel3f(-0.0877263, 0, 0, 1)
	Cylinder(6.97096, 6.47829, 14.9989)
	MovRel3f(0, 14.9989, 0)
	Cylinder(6.47829, 6.34137, 4.16835)
	MovRel3f(0, 4.16835, 0)
	SB()
		RotRel3f(1.0637, 0, 1, 0)
		RotRel3f(-0.434394, 0, 0, 1)
		Cylinder(6.25088, 4.97765, 45.3311)
		MovRel3f(0, 45.3311, 0)
		RotRel3f(-0.703897, 0, 0, 1)
		Cylinder(4.97765, 4.79755, 6.41209)
		MovRel3f(0, 6.41209, 0)
		Cylinder(4.79755, 4.55203, 8.74126)
		MovRel3f(0, 8.74126, 0)
		SB()
			RotRel3f(1.0637, 0, 1, 0)
			RotRel3f(-0.432, 0, 0, 1)
			Cylinder(3.21877, 2.86644, 36.0046)
			MovRel3f(0, 36.0046, 0)
			Cylinder(2.86644, 2.85957, 0.702817)
			MovRel3f(0, 0.702817, 0)
			RotRel3f(-0.764943, 0, 0, 1)
			Cylinder(2.85957, 2.75876, 10.3019)
			MovRel3f(0, 10.3019, 0)
			RotRel3f(0.156685, 0, 0, 1)
			Cylinder(2.75876, 2.73874, 2.04561)
			MovRel3f(0, 2.04561, 0)
			Cylinder(2.73874, 2.67937, 6.06687)
			MovRel3f(0, 6.06687, 0)
			Cylinder(2.67937, 2.27602, 41.2186)
			MovRel3f(0, 41.2186, 0)
		EB()
		Cylinder(4.55203, 3.62748, 32.917)
		MovRel3f(0, 32.917, 0)
		SB()
			RotRel3f(2.35619, 0, 1, 0)
			RotRel3f(0.423957, 0, 0, 1)
			Cylinder(2.56502, 2.26455, 38.5465)
			MovRel3f(0, 38.5465, 0)
			RotRel3f(0.896569, 0, 0, 1)
			Cylinder(2.26455, 2.25829, 0.803886)
			MovRel3f(0, 0.803886, 0)
			Cylinder(2.25829, 2.091, 21.4608)
			MovRel3f(0, 21.4608, 0)
			Cylinder(2.091, 2.09095, 0.00595329)
			MovRel3f(0, 0.00595329, 0)
			Cylinder(2.09095, 1.86241, 29.3198)
			MovRel3f(0, 29.3198, 0)
			RotRel3f(0.178958, 0, 0, 1)
			Cylinder(1.86241, 1.81374, 6.24306)
			MovRel3f(0, 6.24306, 0)
		EB()
		Cylinder(3.62748, 2.92724, 24.9311)
		MovRel3f(0, 24.9311, 0)
		RotRel3f(-0.136704, 0, 0, 1)
		Cylinder(2.92724, 2.5456, 13.5874)
		MovRel3f(0, 13.5874, 0)
		Cylinder(2.5456, 2.42674, 4.23206)
		MovRel3f(0, 4.23206, 0)
	EB()
	Cylinder(6.34137, 5.71282, 19.1356)
	MovRel3f(0, 19.1356, 0)
	RotRel3f(-0.149021, 0, 0, 1)
	Cylinder(5.71282, 4.66486, 31.9044)
	MovRel3f(0, 31.9044, 0)
	RotRel3f(-0.265742, 0, 0, 1)
	Cylinder(4.66486, 3.3483, 40.0814)
	MovRel3f(0, 40.0814, 0)
	RotRel3f(-0.313414, 0, 0, 1)
	Cylinder(3.3483, 3.00055, 10.5869)
	MovRel3f(0, 10.5869, 0)
EB()
