LST 0.1

SB()
	RotRel3f(0, 0, 1, 0)
	RotRel3f(-0.00236033, 0, 0, 1)
	Cylinder(3, 3, 152.943)
	MovRel3f(0, 152.943, 0)
	SB()
		RotRel3f(0, 0, 1, 0)
		RotRel3f(-0.90441, 0, 0, 1)
		Cylinder(3, 3, 124.313)
		MovRel3f(0, 124.313, 0)
		SB()
			RotRel3f(0, 0, 1, 0)
			RotRel3f(-0.904656, 0, 0, 1)
			Cylinder(3, 2.12132, 104.481)
			MovRel3f(0, 104.481, 0)
		EB()
		SB()
			RotRel3f(2.42276, 0, 1, 0)
			RotRel3f(-1.12452, 0, 0, 1)
			Cylinder(3, 2.12132, 104.909)
			MovRel3f(0, 104.909, 0)
		EB()
		SB()
			RotRel3f(1.68567, 0, 1, 0)
			RotRel3f(0.856953, 0, 0, 1)
			Cylinder(3, 2.12132, 104.329)
			MovRel3f(0, 104.329, 0)
		EB()
		SB()
			RotRel3f(2.67794, 0, 1, 0)
			RotRel3f(0.501187, 0, 0, 1)
			Cylinder(3, 2.12132, 104.194)
			MovRel3f(0, 104.194, 0)
		EB()
		SB()
			RotRel3f(2.81984, 0, 1, 0)
			RotRel3f(-0.117625, 0, 0, 1)
			Cylinder(3, 2.12132, 104.708)
			MovRel3f(0, 104.708, 0)
		EB()
		SB()
			RotRel3f(1.39094, 0, 1, 0)
			RotRel3f(-0.496383, 0, 0, 1)
			Cylinder(3, 2.12132, 104.043)
			MovRel3f(0, 104.043, 0)
		EB()
	EB()
	SB()
		RotRel3f(2.42276, 0, 1, 0)
		RotRel3f(-1.13977, 0, 0, 1)
		Cylinder(3, 3, 164.48)
		MovRel3f(0, 164.48, 0)
		SB()
			RotRel3f(0, 0, 1, 0)
			RotRel3f(-0.905296, 0, 0, 1)
			Cylinder(3, 2.12132, 137.8)
			MovRel3f(0, 137.8, 0)
		EB()
		SB()
			RotRel3f(2.42276, 0, 1, 0)
			RotRel3f(-1.11959, 0, 0, 1)
			Cylinder(3, 2.12132, 138.662)
			MovRel3f(0, 138.662, 0)
		EB()
		SB()
			RotRel3f(1.68567, 0, 1, 0)
			RotRel3f(0.84921, 0, 0, 1)
			Cylinder(3, 2.12132, 138.283)
			MovRel3f(0, 138.283, 0)
		EB()
		SB()
			RotRel3f(2.67794, 0, 1, 0)
			RotRel3f(0.508706, 0, 0, 1)
			Cylinder(3, 2.12132, 138.6)
			MovRel3f(0, 138.6, 0)
		EB()
		SB()
			RotRel3f(2.81984, 0, 1, 0)
			RotRel3f(-0.122683, 0, 0, 1)
			Cylinder(3, 2.12132, 138)
			MovRel3f(0, 138, 0)
		EB()
		SB()
			RotRel3f(1.39094, 0, 1, 0)
			RotRel3f(-0.505359, 0, 0, 1)
			Cylinder(3, 2.12132, 138.222)
			MovRel3f(0, 138.222, 0)
		EB()
	EB()
	SB()
		RotRel3f(1.68567, 0, 1, 0)
		RotRel3f(0.855709, 0, 0, 1)
		Cylinder(3, 3, 161.12)
		MovRel3f(0, 161.12, 0)
		SB()
			RotRel3f(0, 0, 1, 0)
			RotRel3f(-0.905126, 0, 0, 1)
			Cylinder(3, 2.12132, 135.65)
			MovRel3f(0, 135.65, 0)
		EB()
		SB()
			RotRel3f(2.42276, 0, 1, 0)
			RotRel3f(-1.14191, 0, 0, 1)
			Cylinder(3, 2.12132, 134.987)
			MovRel3f(0, 134.987, 0)
		EB()
		SB()
			RotRel3f(1.68567, 0, 1, 0)
			RotRel3f(0.853099, 0, 0, 1)
			Cylinder(3, 2.12132, 135.244)
			MovRel3f(0, 135.244, 0)
		EB()
		SB()
			RotRel3f(2.67794, 0, 1, 0)
			RotRel3f(0.505872, 0, 0, 1)
			Cylinder(3, 2.12132, 135.117)
			MovRel3f(0, 135.117, 0)
		EB()
		SB()
			RotRel3f(2.81984, 0, 1, 0)
			RotRel3f(-0.112457, 0, 0, 1)
			Cylinder(3, 2.12132, 135.72)
			MovRel3f(0, 135.72, 0)
		EB()
		SB()
			RotRel3f(1.39094, 0, 1, 0)
			RotRel3f(-0.492302, 0, 0, 1)
			Cylinder(3, 2.12132, 135.805)
			MovRel3f(0, 135.805, 0)
		EB()
	EB()
	SB()
		RotRel3f(2.67794, 0, 1, 0)
		RotRel3f(0.508498, 0, 0, 1)
		Cylinder(3, 3, 182.938)
		MovRel3f(0, 182.938, 0)
		SB()
			RotRel3f(0, 0, 1, 0)
			RotRel3f(-0.903771, 0, 0, 1)
			Cylinder(3, 2.12132, 153.798)
			MovRel3f(0, 153.798, 0)
		EB()
		SB()
			RotRel3f(2.42276, 0, 1, 0)
			RotRel3f(-1.11278, 0, 0, 1)
			Cylinder(3, 2.12132, 153.414)
			MovRel3f(0, 153.414, 0)
		EB()
		SB()
			RotRel3f(1.68567, 0, 1, 0)
			RotRel3f(0.854353, 0, 0, 1)
			Cylinder(3, 2.12132, 154.308)
			MovRel3f(0, 154.308, 0)
		EB()
		SB()
			RotRel3f(2.67794, 0, 1, 0)
			RotRel3f(0.505246, 0, 0, 1)
			Cylinder(3, 2.12132, 153.465)
			MovRel3f(0, 153.465, 0)
		EB()
		SB()
			RotRel3f(2.81984, 0, 1, 0)
			RotRel3f(-0.120316, 0, 0, 1)
			Cylinder(3, 2.12132, 153.073)
			MovRel3f(0, 153.073, 0)
		EB()
		SB()
			RotRel3f(1.39094, 0, 1, 0)
			RotRel3f(-0.520954, 0, 0, 1)
			Cylinder(3, 2.12132, 153.941)
			MovRel3f(0, 153.941, 0)
		EB()
	EB()
	SB()
		RotRel3f(2.81984, 0, 1, 0)
		RotRel3f(-0.119144, 0, 0, 1)
		Cylinder(3, 3, 146.582)
		MovRel3f(0, 146.582, 0)
		SB()
			RotRel3f(0, 0, 1, 0)
			RotRel3f(-0.904686, 0, 0, 1)
			Cylinder(3, 2.12132, 123.511)
			MovRel3f(0, 123.511, 0)
		EB()
		SB()
			RotRel3f(2.42276, 0, 1, 0)
			RotRel3f(-1.12612, 0, 0, 1)
			Cylinder(3, 2.12132, 123.056)
			MovRel3f(0, 123.056, 0)
		EB()
		SB()
			RotRel3f(1.68567, 0, 1, 0)
			RotRel3f(0.851643, 0, 0, 1)
			Cylinder(3, 2.12132, 123.214)
			MovRel3f(0, 123.214, 0)
		EB()
		SB()
			RotRel3f(2.67794, 0, 1, 0)
			RotRel3f(0.507754, 0, 0, 1)
			Cylinder(3, 2.12132, 122.996)
			MovRel3f(0, 122.996, 0)
		EB()
		SB()
			RotRel3f(2.81984, 0, 1, 0)
			RotRel3f(-0.111688, 0, 0, 1)
			Cylinder(3, 2.12132, 123.164)
			MovRel3f(0, 123.164, 0)
		EB()
		SB()
			RotRel3f(1.39094, 0, 1, 0)
			RotRel3f(-0.487306, 0, 0, 1)
			Cylinder(3, 2.12132, 123.584)
			MovRel3f(0, 123.584, 0)
		EB()
	EB()
	SB()
		RotRel3f(1.39094, 0, 1, 0)
		RotRel3f(-0.494808, 0, 0, 1)
		Cylinder(3, 3, 114.44)
		MovRel3f(0, 114.44, 0)
		SB()
			RotRel3f(0, 0, 1, 0)
			RotRel3f(-0.905411, 0, 0, 1)
			Cylinder(3, 2.12132, 96.1843)
			MovRel3f(0, 96.1843, 0)
		EB()
		SB()
			RotRel3f(2.42276, 0, 1, 0)
			RotRel3f(-1.13594, 0, 0, 1)
			Cylinder(3, 2.12132, 96.3569)
			MovRel3f(0, 96.3569, 0)
		EB()
		SB()
			RotRel3f(1.68567, 0, 1, 0)
			RotRel3f(0.851777, 0, 0, 1)
			Cylinder(3, 2.12132, 96.6863)
			MovRel3f(0, 96.6863, 0)
		EB()
		SB()
			RotRel3f(2.67794, 0, 1, 0)
			RotRel3f(0.506788, 0, 0, 1)
			Cylinder(3, 2.12132, 96.4796)
			MovRel3f(0, 96.4796, 0)
		EB()
		SB()
			RotRel3f(2.81984, 0, 1, 0)
			RotRel3f(-0.114817, 0, 0, 1)
			Cylinder(3, 2.12132, 96.0245)
			MovRel3f(0, 96.0245, 0)
		EB()
		SB()
			RotRel3f(1.39094, 0, 1, 0)
			RotRel3f(-0.478187, 0, 0, 1)
			Cylinder(3, 2.12132, 96.1827)
			MovRel3f(0, 96.1827, 0)
		EB()
	EB()
EB()
