LST 0.1

SB()
	RotRel3f(0, 0, 1, 0)
	RotRel3f(3.61999e-06, 0, 0, 1)
	Cylinder(3, 3, 150.375)
	MovRel3f(0, 150.375, 0)
	SB()
		RotRel3f(0.128323, 0, 1, 0)
		RotRel3f(0.64807, 0, 0, 1)
		Cylinder(3, 3, 64.8278)
		MovRel3f(0, 64.8278, 0)
		SB()
			RotRel3f(1.69515, 0, 1, 0)
			RotRel3f(-0.68032, 0, 0, 1)
			Cylinder(2.12132, 1.82784, 48.2113)
			MovRel3f(0, 48.2113, 0)
			Cylinder(1.82784, 1.69179, 22.3496)
			MovRel3f(0, 22.3496, 0)
			Cylinder(1.69179, 1.5, 31.5069)
			MovRel3f(0, 31.5069, 0)
		EB()
		SB()
			RotRel3f(1.73071, 0, 1, 0)
			RotRel3f(0.650797, 0, 0, 1)
			Cylinder(2.12132, 1.83122, 47.6127)
			MovRel3f(0, 47.6127, 0)
			Cylinder(1.83122, 1.6756, 25.5414)
			MovRel3f(0, 25.5414, 0)
			Cylinder(1.6756, 1.5, 28.82)
			MovRel3f(0, 28.82, 0)
		EB()
		Cylinder(3, 3, 30.5221)
		MovRel3f(0, 30.5221, 0)
		SB()
			RotRel3f(0.128323, 0, 1, 0)
			RotRel3f(0.652324, 0, 0, 1)
			Cylinder(2.12132, 1.8422, 45.6488)
			MovRel3f(0, 45.6488, 0)
			Cylinder(1.8422, 1.68022, 26.4908)
			MovRel3f(0, 26.4908, 0)
			Cylinder(1.68022, 1.5, 29.4746)
			MovRel3f(0, 29.4746, 0)
		EB()
		SB()
			RotRel3f(0.380506, 0, 1, 0)
			RotRel3f(-0.668119, 0, 0, 1)
			Cylinder(2.12132, 1.80267, 51.9844)
			MovRel3f(0, 51.9844, 0)
			Cylinder(1.80267, 1.6429, 26.065)
			MovRel3f(0, 26.065, 0)
			Cylinder(1.6429, 1.5, 23.3117)
			MovRel3f(0, 23.3117, 0)
		EB()
		Cylinder(3, 3, 48.6779)
		MovRel3f(0, 48.6779, 0)
	EB()
	SB()
		RotRel3f(0.380506, 0, 1, 0)
		RotRel3f(-0.663694, 0, 0, 1)
		Cylinder(3, 3, 65.5993)
		MovRel3f(0, 65.5993, 0)
		SB()
			RotRel3f(1.69515, 0, 1, 0)
			RotRel3f(-0.679961, 0, 0, 1)
			Cylinder(2.12132, 1.84486, 44.395)
			MovRel3f(0, 44.395, 0)
			Cylinder(1.84486, 1.691, 24.7074)
			MovRel3f(0, 24.7074, 0)
			Cylinder(1.691, 1.5, 30.6705)
			MovRel3f(0, 30.6705, 0)
		EB()
		SB()
			RotRel3f(1.73071, 0, 1, 0)
			RotRel3f(0.65515, 0, 0, 1)
			Cylinder(2.12132, 1.80825, 50.4348)
			MovRel3f(0, 50.4348, 0)
			Cylinder(1.80825, 1.63891, 27.2811)
			MovRel3f(0, 27.2811, 0)
			Cylinder(1.63891, 1.5, 22.3776)
			MovRel3f(0, 22.3776, 0)
		EB()
		Cylinder(3, 3, 32.9423)
		MovRel3f(0, 32.9423, 0)
		SB()
			RotRel3f(0.128323, 0, 1, 0)
			RotRel3f(0.656845, 0, 0, 1)
			Cylinder(2.12132, 1.859, 42.148)
			MovRel3f(0, 42.148, 0)
			Cylinder(1.859, 1.69912, 25.6883)
			MovRel3f(0, 25.6883, 0)
			Cylinder(1.69912, 1.5, 31.9923)
			MovRel3f(0, 31.9923, 0)
		EB()
		SB()
			RotRel3f(0.380506, 0, 1, 0)
			RotRel3f(-0.675547, 0, 0, 1)
			Cylinder(2.12132, 1.85578, 42.9357)
			MovRel3f(0, 42.9357, 0)
			Cylinder(1.85578, 1.69883, 25.3777)
			MovRel3f(0, 25.3777, 0)
			Cylinder(1.69883, 1.5, 32.1484)
			MovRel3f(0, 32.1484, 0)
		EB()
		Cylinder(3, 3, 42.8484)
		MovRel3f(0, 42.8484, 0)
	EB()
	Cylinder(3, 3, 75.1873)
	MovRel3f(0, 75.1873, 0)
	SB()
		RotRel3f(1.69515, 0, 1, 0)
		RotRel3f(-0.673911, 0, 0, 1)
		Cylinder(3, 3, 71.0271)
		MovRel3f(0, 71.0271, 0)
		SB()
			RotRel3f(0.128323, 0, 1, 0)
			RotRel3f(0.648577, 0, 0, 1)
			Cylinder(2.12132, 1.8648, 41.6623)
			MovRel3f(0, 41.6623, 0)
			Cylinder(1.8648, 1.73792, 20.6077)
			MovRel3f(0, 20.6077, 0)
			Cylinder(1.73792, 1.5, 38.6405)
			MovRel3f(0, 38.6405, 0)
		EB()
		SB()
			RotRel3f(0.380506, 0, 1, 0)
			RotRel3f(-0.671608, 0, 0, 1)
			Cylinder(2.12132, 1.8081, 50.9377)
			MovRel3f(0, 50.9377, 0)
			Cylinder(1.8081, 1.65319, 25.1911)
			MovRel3f(0, 25.1911, 0)
			Cylinder(1.65319, 1.5, 24.9127)
			MovRel3f(0, 24.9127, 0)
		EB()
		Cylinder(3, 3, 28.5509)
		MovRel3f(0, 28.5509, 0)
		SB()
			RotRel3f(1.69515, 0, 1, 0)
			RotRel3f(-0.669974, 0, 0, 1)
			Cylinder(2.12132, 1.8534, 43.4694)
			MovRel3f(0, 43.4694, 0)
			Cylinder(1.8534, 1.7157, 22.3427)
			MovRel3f(0, 22.3427, 0)
			Cylinder(1.7157, 1.5, 34.997)
			MovRel3f(0, 34.997, 0)
		EB()
		SB()
			RotRel3f(1.73071, 0, 1, 0)
			RotRel3f(0.649562, 0, 0, 1)
			Cylinder(2.12132, 1.84604, 44.6463)
			MovRel3f(0, 44.6463, 0)
			Cylinder(1.84604, 1.72061, 20.3422)
			MovRel3f(0, 20.3422, 0)
			Cylinder(1.72061, 1.5, 35.779)
			MovRel3f(0, 35.779, 0)
		EB()
		Cylinder(3, 3, 42.9276)
		MovRel3f(0, 42.9276, 0)
	EB()
	SB()
		RotRel3f(1.73071, 0, 1, 0)
		RotRel3f(0.652032, 0, 0, 1)
		Cylinder(3, 3, 61.6522)
		MovRel3f(0, 61.6522, 0)
		SB()
			RotRel3f(0.128323, 0, 1, 0)
			RotRel3f(0.649784, 0, 0, 1)
			Cylinder(2.12132, 1.83066, 47.1995)
			MovRel3f(0, 47.1995, 0)
			Cylinder(1.83066, 1.68732, 23.2768)
			MovRel3f(0, 23.2768, 0)
			Cylinder(1.68732, 1.5, 30.4175)
			MovRel3f(0, 30.4175, 0)
		EB()
		SB()
			RotRel3f(0.380506, 0, 1, 0)
			RotRel3f(-0.664442, 0, 0, 1)
			Cylinder(2.12132, 1.82489, 48.3292)
			MovRel3f(0, 48.3292, 0)
			Cylinder(1.82489, 1.70192, 20.0476)
			MovRel3f(0, 20.0476, 0)
			Cylinder(1.70192, 1.5, 32.9198)
			MovRel3f(0, 32.9198, 0)
		EB()
		Cylinder(3, 3, 28.5671)
		MovRel3f(0, 28.5671, 0)
		SB()
			RotRel3f(1.69515, 0, 1, 0)
			RotRel3f(-0.669448, 0, 0, 1)
			Cylinder(2.12132, 1.84152, 45.6725)
			MovRel3f(0, 45.6725, 0)
			Cylinder(1.84152, 1.72845, 18.456)
			MovRel3f(0, 18.456, 0)
			Cylinder(1.72845, 1.5, 37.2892)
			MovRel3f(0, 37.2892, 0)
		EB()
		SB()
			RotRel3f(1.73071, 0, 1, 0)
			RotRel3f(0.644933, 0, 0, 1)
			Cylinder(2.12132, 1.80446, 51.514)
			MovRel3f(0, 51.514, 0)
			Cylinder(1.80446, 1.63888, 26.9197)
			MovRel3f(0, 26.9197, 0)
			Cylinder(1.63888, 1.5, 22.5784)
			MovRel3f(0, 22.5784, 0)
		EB()
		Cylinder(3, 3, 53.1827)
		MovRel3f(0, 53.1827, 0)
	EB()
	Cylinder(3, 3, 99.3167)
	MovRel3f(0, 99.3167, 0)
EB()
