LST 0.1

SB()
	RotRel3f(0, 0, 1, 0)
	RotRel3f(-0.00851192, 0, 0, 1)
	Cylinder(8.64757, 5.77211, 84.5407)
	MovRel3f(0, 84.5407, 0)
	SB()
		RotRel3f(0.064427, 0, 1, 0)
		RotRel3f(-0.625718, 0, 0, 1)
		Cylinder(4.53455, 3.29552, 47.0552)
		MovRel3f(0, 47.0552, 0)
		SB()
			RotRel3f(0.064427, 0, 1, 0)
			RotRel3f(-0.633874, 0, 0, 1)
			Cylinder(2.33028, 2.03957, 39.117)
			MovRel3f(0, 39.117, 0)
			SB()
				RotRel3f(1.69912, 0, 1, 0)
				RotRel3f(-0.628085, 0, 0, 1)
				Cylinder(1.44219, 1.28749, 22.1726)
				MovRel3f(0, 22.1726, 0)
				Cylinder(1.28749, 1.19202, 13.6826)
				MovRel3f(0, 13.6826, 0)
				Cylinder(1.19202, 1.01978, 24.6854)
				MovRel3f(0, 24.6854, 0)
			EB()
			Cylinder(2.03957, 1.89714, 19.1644)
			MovRel3f(0, 19.1644, 0)
			SB()
				RotRel3f(0.064427, 0, 1, 0)
				RotRel3f(-0.61504, 0, 0, 1)
				Cylinder(1.34148, 1.18917, 25.5311)
				MovRel3f(0, 25.5311, 0)
				Cylinder(1.18917, 1.10335, 14.3863)
				MovRel3f(0, 14.3863, 0)
				Cylinder(1.10335, 0.948569, 25.9447)
				MovRel3f(0, 25.9447, 0)
			EB()
			Cylinder(1.89714, 1.64776, 33.5545)
			MovRel3f(0, 33.5545, 0)
		EB()
		Cylinder(3.29552, 2.57066, 27.5283)
		MovRel3f(0, 27.5283, 0)
		SB()
			RotRel3f(1.69912, 0, 1, 0)
			RotRel3f(-0.616754, 0, 0, 1)
			Cylinder(1.81773, 1.62862, 26.5495)
			MovRel3f(0, 26.5495, 0)
			SB()
				RotRel3f(1.69912, 0, 1, 0)
				RotRel3f(-0.625423, 0, 0, 1)
				Cylinder(1.15161, 1.01754, 19.4296)
				MovRel3f(0, 19.4296, 0)
				Cylinder(1.01754, 0.945365, 10.4604)
				MovRel3f(0, 10.4604, 0)
				Cylinder(0.945365, 0.814311, 18.9931)
				MovRel3f(0, 18.9931, 0)
			EB()
			Cylinder(1.62862, 1.52076, 15.1423)
			MovRel3f(0, 15.1423, 0)
			SB()
				RotRel3f(0.064427, 0, 1, 0)
				RotRel3f(-0.620549, 0, 0, 1)
				Cylinder(1.07534, 0.946178, 22.642)
				MovRel3f(0, 22.642, 0)
				Cylinder(0.946178, 0.878323, 11.8946)
				MovRel3f(0, 11.8946, 0)
				Cylinder(0.878323, 0.760382, 20.6746)
				MovRel3f(0, 20.6746, 0)
			EB()
			Cylinder(1.52076, 1.28533, 33.0527)
			MovRel3f(0, 33.0527, 0)
		EB()
		Cylinder(2.57066, 1.28506, 48.8239)
		MovRel3f(0, 48.8239, 0)
	EB()
	Cylinder(5.77211, 4.33439, 42.2703)
	MovRel3f(0, 42.2703, 0)
	SB()
		RotRel3f(1.69912, 0, 1, 0)
		RotRel3f(-0.618917, 0, 0, 1)
		Cylinder(4.33439, 3.02926, 42.1496)
		MovRel3f(0, 42.1496, 0)
		SB()
			RotRel3f(0.064427, 0, 1, 0)
			RotRel3f(-0.620934, 0, 0, 1)
			Cylinder(2.14201, 1.91043, 31.5966)
			MovRel3f(0, 31.5966, 0)
			SB()
				RotRel3f(1.69912, 0, 1, 0)
				RotRel3f(-0.630042, 0, 0, 1)
				Cylinder(1.35088, 1.19683, 23.4345)
				MovRel3f(0, 23.4345, 0)
				Cylinder(1.19683, 1.12608, 10.7635)
				MovRel3f(0, 10.7635, 0)
				Cylinder(1.12608, 0.955214, 25.9934)
				MovRel3f(0, 25.9934, 0)
			EB()
			Cylinder(1.91043, 1.80008, 15.0557)
			MovRel3f(0, 15.0557, 0)
			SB()
				RotRel3f(0.064427, 0, 1, 0)
				RotRel3f(-0.61775, 0, 0, 1)
				Cylinder(1.27285, 1.12912, 25.2641)
				MovRel3f(0, 25.2641, 0)
				Cylinder(1.12912, 1.06399, 11.4476)
				MovRel3f(0, 11.4476, 0)
				Cylinder(1.06399, 0.900039, 28.8196)
				MovRel3f(0, 28.8196, 0)
			EB()
			Cylinder(1.80008, 1.51463, 38.9456)
			MovRel3f(0, 38.9456, 0)
		EB()
		Cylinder(3.02926, 2.23732, 25.5761)
		MovRel3f(0, 25.5761, 0)
		SB()
			RotRel3f(1.69912, 0, 1, 0)
			RotRel3f(-0.624628, 0, 0, 1)
			Cylinder(1.58202, 1.40705, 32.0279)
			MovRel3f(0, 32.0279, 0)
			SB()
				RotRel3f(1.69912, 0, 1, 0)
				RotRel3f(-0.62853, 0, 0, 1)
				Cylinder(0.994932, 0.866755, 26.6835)
				MovRel3f(0, 26.6835, 0)
				Cylinder(0.866755, 0.808223, 12.1851)
				MovRel3f(0, 12.1851, 0)
				Cylinder(0.808223, 0.703523, 21.7962)
				MovRel3f(0, 21.7962, 0)
			EB()
			Cylinder(1.40705, 1.32674, 14.6998)
			MovRel3f(0, 14.6998, 0)
			SB()
				RotRel3f(0.064427, 0, 1, 0)
				RotRel3f(-0.626009, 0, 0, 1)
				Cylinder(0.938145, 0.819616, 23.5795)
				MovRel3f(0, 23.5795, 0)
				Cylinder(0.819616, 0.755073, 12.8397)
				MovRel3f(0, 12.8397, 0)
				Cylinder(0.755073, 0.663369, 18.243)
				MovRel3f(0, 18.243, 0)
			EB()
			Cylinder(1.32674, 1.11866, 38.0871)
			MovRel3f(0, 38.0871, 0)
		EB()
		Cylinder(2.23732, 0.800905, 46.3894)
		MovRel3f(0, 46.3894, 0)
	EB()
	Cylinder(4.33439, 1.27181, 90.0422)
	MovRel3f(0, 90.0422, 0)
EB()
