LST 0.1

SB()
	RotRel3f(0, 0, 1, 0)
	RotRel3f(0.00594715, 0, 0, 1)
	Cylinder(37.3765, 36.6963, 161.554)
	MovRel3f(0, 161.554, 0)
	SB()
		RotRel3f(2.35619, 0, 1, 0)
		RotRel3f(1.3473, 0, 0, 1)
		Cylinder(3, 3, 77.3152)
		MovRel3f(0, 77.3152, 0)
		SB()
			RotRel3f(2.35619, 0, 1, 0)
			RotRel3f(1.34284, 0, 0, 1)
			Cylinder(2.12132, 1.83639, 50.2036)
			MovRel3f(0, 50.2036, 0)
			SB()
				RotRel3f(2.35619, 0, 1, 0)
				RotRel3f(1.34278, 0, 0, 1)
				Cylinder(1.29853, 1.11388, 37.5734)
				MovRel3f(0, 37.5734, 0)
				Cylinder(1.11388, 1.01881, 19.3442)
				MovRel3f(0, 19.3442, 0)
				Cylinder(1.01881, 0.918197, 20.4742)
				MovRel3f(0, 20.4742, 0)
			EB()
			Cylinder(1.83639, 1.65874, 31.3027)
			MovRel3f(0, 31.3027, 0)
			SB()
				RotRel3f(1.60304, 0, 1, 0)
				RotRel3f(-1.34519, 0, 0, 1)
				Cylinder(1.1729, 1.00689, 37.4263)
				MovRel3f(0, 37.4263, 0)
				Cylinder(1.00689, 0.936571, 15.8519)
				MovRel3f(0, 15.8519, 0)
				Cylinder(0.936571, 0.829368, 24.1674)
				MovRel3f(0, 24.1674, 0)
			EB()
			Cylinder(1.65874, 1.5, 27.9686)
			MovRel3f(0, 27.9686, 0)
		EB()
		Cylinder(3, 3, 38.0514)
		MovRel3f(0, 38.0514, 0)
		SB()
			RotRel3f(1.60304, 0, 1, 0)
			RotRel3f(-1.34249, 0, 0, 1)
			Cylinder(2.12132, 1.80322, 56.1782)
			MovRel3f(0, 56.1782, 0)
			SB()
				RotRel3f(2.35619, 0, 1, 0)
				RotRel3f(1.34733, 0, 0, 1)
				Cylinder(1.27507, 1.10069, 36.2939)
				MovRel3f(0, 36.2939, 0)
				Cylinder(1.10069, 1.00218, 20.5021)
				MovRel3f(0, 20.5021, 0)
				Cylinder(1.00218, 0.901612, 20.9313)
				MovRel3f(0, 20.9313, 0)
			EB()
			Cylinder(1.80322, 1.64324, 28.255)
			MovRel3f(0, 28.255, 0)
			SB()
				RotRel3f(1.60304, 0, 1, 0)
				RotRel3f(-1.34386, 0, 0, 1)
				Cylinder(1.16194, 0.995985, 37.8171)
				MovRel3f(0, 37.8171, 0)
				Cylinder(0.995985, 0.899568, 21.9706)
				MovRel3f(0, 21.9706, 0)
				Cylinder(0.899568, 0.821618, 17.7623)
				MovRel3f(0, 17.7623, 0)
			EB()
			Cylinder(1.64324, 1.5, 25.2962)
			MovRel3f(0, 25.2962, 0)
		EB()
		Cylinder(3, 3, 39.4277)
		MovRel3f(0, 39.4277, 0)
	EB()
	Cylinder(36.6963, 36.3561, 80.777)
	MovRel3f(0, 80.777, 0)
	SB()
		RotRel3f(1.60304, 0, 1, 0)
		RotRel3f(-1.34544, 0, 0, 1)
		Cylinder(3, 3, 72.8772)
		MovRel3f(0, 72.8772, 0)
		SB()
			RotRel3f(1.60304, 0, 1, 0)
			RotRel3f(-1.34523, 0, 0, 1)
			Cylinder(2.12132, 1.83112, 51.1677)
			MovRel3f(0, 51.1677, 0)
			SB()
				RotRel3f(2.35619, 0, 1, 0)
				RotRel3f(1.34614, 0, 0, 1)
				Cylinder(1.2948, 1.12044, 35.5228)
				MovRel3f(0, 35.5228, 0)
				Cylinder(1.12044, 1.02872, 18.6874)
				MovRel3f(0, 18.6874, 0)
				Cylinder(1.02872, 0.915562, 23.0539)
				MovRel3f(0, 23.0539, 0)
			EB()
			Cylinder(1.83112, 1.68621, 25.5512)
			MovRel3f(0, 25.5512, 0)
			SB()
				RotRel3f(1.60304, 0, 1, 0)
				RotRel3f(-1.34652, 0, 0, 1)
				Cylinder(1.19233, 1.00806, 40.9436)
				MovRel3f(0, 40.9436, 0)
				Cylinder(1.00806, 0.921762, 19.1742)
				MovRel3f(0, 19.1742, 0)
				Cylinder(0.921762, 0.843105, 17.477)
				MovRel3f(0, 17.477, 0)
			EB()
			Cylinder(1.68621, 1.5, 32.8322)
			MovRel3f(0, 32.8322, 0)
		EB()
		Cylinder(3, 3, 37.7847)
		MovRel3f(0, 37.7847, 0)
		SB()
			RotRel3f(2.35619, 0, 1, 0)
			RotRel3f(1.34308, 0, 0, 1)
			Cylinder(2.12132, 1.80225, 56.1151)
			MovRel3f(0, 56.1151, 0)
			SB()
				RotRel3f(1.60304, 0, 1, 0)
				RotRel3f(-1.34315, 0, 0, 1)
				Cylinder(1.27438, 1.09942, 36.157)
				MovRel3f(0, 36.157, 0)
				Cylinder(1.09942, 1.00806, 18.8799)
				MovRel3f(0, 18.8799, 0)
				Cylinder(1.00806, 0.901126, 22.0982)
				MovRel3f(0, 22.0982, 0)
			EB()
			Cylinder(1.80225, 1.65553, 25.8029)
			MovRel3f(0, 25.8029, 0)
			SB()
				RotRel3f(2.35619, 0, 1, 0)
				RotRel3f(1.3465, 0, 0, 1)
				Cylinder(1.17064, 1.0146, 35.1285)
				MovRel3f(0, 35.1285, 0)
				Cylinder(1.0146, 0.933174, 18.3312)
				MovRel3f(0, 18.3312, 0)
				Cylinder(0.933174, 0.827768, 23.7296)
				MovRel3f(0, 23.7296, 0)
			EB()
			Cylinder(1.65553, 1.5, 27.3538)
			MovRel3f(0, 27.3538, 0)
		EB()
		Cylinder(3, 3, 44.222)
		MovRel3f(0, 44.222, 0)
	EB()
	Cylinder(36.3561, 35.9836, 88.485)
	MovRel3f(0, 88.485, 0)
EB()
