LST 0.1

SB()
	RotRel3f(0, 0, 1, 0)
	RotRel3f(0.00797277, 0, 0, 1)
	Cylinder(3, 3, 183.003)
	MovRel3f(0, 183.003, 0)
	SB()
		RotRel3f(2.9442, 0, 1, 0)
		RotRel3f(-0.758674, 0, 0, 1)
		Cylinder(3, 3, 69.7321)
		MovRel3f(0, 69.7321, 0)
		SB()
			RotRel3f(2.9442, 0, 1, 0)
			RotRel3f(-0.758941, 0, 0, 1)
			Cylinder(3, 2.12132, 58.8478)
			MovRel3f(0, 58.8478, 0)
		EB()
		SB()
			RotRel3f(0.942, 0, 1, 0)
			RotRel3f(0.771195, 0, 0, 1)
			Cylinder(3, 2.12132, 58.5651)
			MovRel3f(0, 58.5651, 0)
		EB()
		SB()
			RotRel3f(2.81984, 0, 1, 0)
			RotRel3f(1.95953, 0, 0, 1)
			Cylinder(3, 2.12132, 58.6081)
			MovRel3f(0, 58.6081, 0)
		EB()
		SB()
			RotRel3f(1.66146, 0, 1, 0)
			RotRel3f(2.15417, 0, 0, 1)
			Cylinder(3, 2.12132, 58.567)
			MovRel3f(0, 58.567, 0)
		EB()
		SB()
			RotRel3f(1.05165, 0, 1, 0)
			RotRel3f(-1.41225, 0, 0, 1)
			Cylinder(3, 2.12132, 58.6373)
			MovRel3f(0, 58.6373, 0)
		EB()
		SB()
			RotRel3f(2.01952, 0, 1, 0)
			RotRel3f(-1.23756, 0, 0, 1)
			Cylinder(3, 2.12132, 58.478)
			MovRel3f(0, 58.478, 0)
		EB()
		SB()
			RotRel3f(1.89255, 0, 1, 0)
			RotRel3f(-0.171551, 0, 0, 1)
			Cylinder(3, 2.12132, 58.7883)
			MovRel3f(0, 58.7883, 0)
		EB()
		SB()
			RotRel3f(2.11122, 0, 1, 0)
			RotRel3f(0.346433, 0, 0, 1)
			Cylinder(3, 2.12132, 58.7555)
			MovRel3f(0, 58.7555, 0)
		EB()
	EB()
	SB()
		RotRel3f(0.942, 0, 1, 0)
		RotRel3f(0.772196, 0, 0, 1)
		Cylinder(3, 3, 90.1641)
		MovRel3f(0, 90.1641, 0)
		SB()
			RotRel3f(2.9442, 0, 1, 0)
			RotRel3f(-0.763066, 0, 0, 1)
			Cylinder(3, 2.12132, 75.5147)
			MovRel3f(0, 75.5147, 0)
		EB()
		SB()
			RotRel3f(0.942, 0, 1, 0)
			RotRel3f(0.748687, 0, 0, 1)
			Cylinder(3, 2.12132, 75.5582)
			MovRel3f(0, 75.5582, 0)
		EB()
		SB()
			RotRel3f(2.81984, 0, 1, 0)
			RotRel3f(1.96058, 0, 0, 1)
			Cylinder(3, 2.12132, 75.4542)
			MovRel3f(0, 75.4542, 0)
		EB()
		SB()
			RotRel3f(1.66146, 0, 1, 0)
			RotRel3f(2.16549, 0, 0, 1)
			Cylinder(3, 2.12132, 75.5296)
			MovRel3f(0, 75.5296, 0)
		EB()
		SB()
			RotRel3f(1.05165, 0, 1, 0)
			RotRel3f(-1.41882, 0, 0, 1)
			Cylinder(3, 2.12132, 75.8791)
			MovRel3f(0, 75.8791, 0)
		EB()
		SB()
			RotRel3f(2.01952, 0, 1, 0)
			RotRel3f(-1.23828, 0, 0, 1)
			Cylinder(3, 2.12132, 75.9451)
			MovRel3f(0, 75.9451, 0)
		EB()
		SB()
			RotRel3f(1.89255, 0, 1, 0)
			RotRel3f(-0.17197, 0, 0, 1)
			Cylinder(3, 2.12132, 76.0026)
			MovRel3f(0, 76.0026, 0)
		EB()
		SB()
			RotRel3f(2.11122, 0, 1, 0)
			RotRel3f(0.327584, 0, 0, 1)
			Cylinder(3, 2.12132, 76.1519)
			MovRel3f(0, 76.1519, 0)
		EB()
	EB()
	SB()
		RotRel3f(2.81984, 0, 1, 0)
		RotRel3f(1.9466, 0, 0, 1)
		Cylinder(3, 3, 70.5569)
		MovRel3f(0, 70.5569, 0)
		SB()
			RotRel3f(2.9442, 0, 1, 0)
			RotRel3f(-0.759115, 0, 0, 1)
			Cylinder(3, 2.12132, 59.3752)
			MovRel3f(0, 59.3752, 0)
		EB()
		SB()
			RotRel3f(0.942, 0, 1, 0)
			RotRel3f(0.779934, 0, 0, 1)
			Cylinder(3, 2.12132, 59.2306)
			MovRel3f(0, 59.2306, 0)
		EB()
		SB()
			RotRel3f(2.81984, 0, 1, 0)
			RotRel3f(1.95316, 0, 0, 1)
			Cylinder(3, 2.12132, 59.3603)
			MovRel3f(0, 59.3603, 0)
		EB()
		SB()
			RotRel3f(1.66146, 0, 1, 0)
			RotRel3f(2.1595, 0, 0, 1)
			Cylinder(3, 2.12132, 59.2097)
			MovRel3f(0, 59.2097, 0)
		EB()
		SB()
			RotRel3f(1.05165, 0, 1, 0)
			RotRel3f(-1.40452, 0, 0, 1)
			Cylinder(3, 2.12132, 59.2821)
			MovRel3f(0, 59.2821, 0)
		EB()
		SB()
			RotRel3f(2.01952, 0, 1, 0)
			RotRel3f(-1.23808, 0, 0, 1)
			Cylinder(3, 2.12132, 59.3149)
			MovRel3f(0, 59.3149, 0)
		EB()
		SB()
			RotRel3f(1.89255, 0, 1, 0)
			RotRel3f(-0.172033, 0, 0, 1)
			Cylinder(3, 2.12132, 59.2799)
			MovRel3f(0, 59.2799, 0)
		EB()
		SB()
			RotRel3f(2.11122, 0, 1, 0)
			RotRel3f(0.335985, 0, 0, 1)
			Cylinder(3, 2.12132, 59.3499)
			MovRel3f(0, 59.3499, 0)
		EB()
	EB()
	SB()
		RotRel3f(1.66146, 0, 1, 0)
		RotRel3f(2.14991, 0, 0, 1)
		Cylinder(3, 3, 62.4098)
		MovRel3f(0, 62.4098, 0)
		SB()
			RotRel3f(2.9442, 0, 1, 0)
			RotRel3f(-0.7597, 0, 0, 1)
			Cylinder(3, 2.12132, 52.4328)
			MovRel3f(0, 52.4328, 0)
		EB()
		SB()
			RotRel3f(0.942, 0, 1, 0)
			RotRel3f(0.766586, 0, 0, 1)
			Cylinder(3, 2.12132, 52.2609)
			MovRel3f(0, 52.2609, 0)
		EB()
		SB()
			RotRel3f(2.81984, 0, 1, 0)
			RotRel3f(1.94936, 0, 0, 1)
			Cylinder(3, 2.12132, 52.5122)
			MovRel3f(0, 52.5122, 0)
		EB()
		SB()
			RotRel3f(1.66146, 0, 1, 0)
			RotRel3f(2.15212, 0, 0, 1)
			Cylinder(3, 2.12132, 52.4625)
			MovRel3f(0, 52.4625, 0)
		EB()
		SB()
			RotRel3f(1.05165, 0, 1, 0)
			RotRel3f(-1.40527, 0, 0, 1)
			Cylinder(3, 2.12132, 52.2843)
			MovRel3f(0, 52.2843, 0)
		EB()
		SB()
			RotRel3f(2.01952, 0, 1, 0)
			RotRel3f(-1.23737, 0, 0, 1)
			Cylinder(3, 2.12132, 52.3824)
			MovRel3f(0, 52.3824, 0)
		EB()
		SB()
			RotRel3f(1.89255, 0, 1, 0)
			RotRel3f(-0.171197, 0, 0, 1)
			Cylinder(3, 2.12132, 52.5224)
			MovRel3f(0, 52.5224, 0)
		EB()
		SB()
			RotRel3f(2.11122, 0, 1, 0)
			RotRel3f(0.328349, 0, 0, 1)
			Cylinder(3, 2.12132, 52.4212)
			MovRel3f(0, 52.4212, 0)
		EB()
	EB()
	SB()
		RotRel3f(1.05165, 0, 1, 0)
		RotRel3f(-1.42065, 0, 0, 1)
		Cylinder(3, 3, 75.0776)
		MovRel3f(0, 75.0776, 0)
		SB()
			RotRel3f(2.9442, 0, 1, 0)
			RotRel3f(-0.759921, 0, 0, 1)
			Cylinder(3, 2.12132, 63.0682)
			MovRel3f(0, 63.0682, 0)
		EB()
		SB()
			RotRel3f(0.942, 0, 1, 0)
			RotRel3f(0.765655, 0, 0, 1)
			Cylinder(3, 2.12132, 63.1637)
			MovRel3f(0, 63.1637, 0)
		EB()
		SB()
			RotRel3f(2.81984, 0, 1, 0)
			RotRel3f(1.94615, 0, 0, 1)
			Cylinder(3, 2.12132, 63.1036)
			MovRel3f(0, 63.1036, 0)
		EB()
		SB()
			RotRel3f(1.66146, 0, 1, 0)
			RotRel3f(2.15514, 0, 0, 1)
			Cylinder(3, 2.12132, 63.0723)
			MovRel3f(0, 63.0723, 0)
		EB()
		SB()
			RotRel3f(1.05165, 0, 1, 0)
			RotRel3f(-1.41102, 0, 0, 1)
			Cylinder(3, 2.12132, 63.2973)
			MovRel3f(0, 63.2973, 0)
		EB()
		SB()
			RotRel3f(2.01952, 0, 1, 0)
			RotRel3f(-1.23728, 0, 0, 1)
			Cylinder(3, 2.12132, 63.0155)
			MovRel3f(0, 63.0155, 0)
		EB()
		SB()
			RotRel3f(1.89255, 0, 1, 0)
			RotRel3f(-0.171089, 0, 0, 1)
			Cylinder(3, 2.12132, 63.436)
			MovRel3f(0, 63.436, 0)
		EB()
		SB()
			RotRel3f(2.11122, 0, 1, 0)
			RotRel3f(0.297525, 0, 0, 1)
			Cylinder(3, 2.12132, 62.8981)
			MovRel3f(0, 62.8981, 0)
		EB()
	EB()
	SB()
		RotRel3f(2.01952, 0, 1, 0)
		RotRel3f(-1.23727, 0, 0, 1)
		Cylinder(3, 3, 74.9652)
		MovRel3f(0, 74.9652, 0)
		SB()
			RotRel3f(2.9442, 0, 1, 0)
			RotRel3f(-0.75625, 0, 0, 1)
			Cylinder(3, 2.12132, 63.0826)
			MovRel3f(0, 63.0826, 0)
		EB()
		SB()
			RotRel3f(0.942, 0, 1, 0)
			RotRel3f(0.771177, 0, 0, 1)
			Cylinder(3, 2.12132, 63.3215)
			MovRel3f(0, 63.3215, 0)
		EB()
		SB()
			RotRel3f(2.81984, 0, 1, 0)
			RotRel3f(1.964, 0, 0, 1)
			Cylinder(3, 2.12132, 63.0622)
			MovRel3f(0, 63.0622, 0)
		EB()
		SB()
			RotRel3f(1.66146, 0, 1, 0)
			RotRel3f(2.154, 0, 0, 1)
			Cylinder(3, 2.12132, 62.9116)
			MovRel3f(0, 62.9116, 0)
		EB()
		SB()
			RotRel3f(1.05165, 0, 1, 0)
			RotRel3f(-1.41092, 0, 0, 1)
			Cylinder(3, 2.12132, 62.9211)
			MovRel3f(0, 62.9211, 0)
		EB()
		SB()
			RotRel3f(2.01952, 0, 1, 0)
			RotRel3f(-1.23754, 0, 0, 1)
			Cylinder(3, 2.12132, 62.9943)
			MovRel3f(0, 62.9943, 0)
		EB()
		SB()
			RotRel3f(1.89255, 0, 1, 0)
			RotRel3f(-0.172075, 0, 0, 1)
			Cylinder(3, 2.12132, 63.1907)
			MovRel3f(0, 63.1907, 0)
		EB()
		SB()
			RotRel3f(2.11122, 0, 1, 0)
			RotRel3f(0.309878, 0, 0, 1)
			Cylinder(3, 2.12132, 63.0767)
			MovRel3f(0, 63.0767, 0)
		EB()
	EB()
	SB()
		RotRel3f(1.89255, 0, 1, 0)
		RotRel3f(-0.171247, 0, 0, 1)
		Cylinder(3, 3, 85.2533)
		MovRel3f(0, 85.2533, 0)
		SB()
			RotRel3f(2.9442, 0, 1, 0)
			RotRel3f(-0.757812, 0, 0, 1)
			Cylinder(3, 2.12132, 71.6231)
			MovRel3f(0, 71.6231, 0)
		EB()
		SB()
			RotRel3f(0.942, 0, 1, 0)
			RotRel3f(0.758227, 0, 0, 1)
			Cylinder(3, 2.12132, 71.4705)
			MovRel3f(0, 71.4705, 0)
		EB()
		SB()
			RotRel3f(2.81984, 0, 1, 0)
			RotRel3f(1.95282, 0, 0, 1)
			Cylinder(3, 2.12132, 71.3445)
			MovRel3f(0, 71.3445, 0)
		EB()
		SB()
			RotRel3f(1.66146, 0, 1, 0)
			RotRel3f(2.15197, 0, 0, 1)
			Cylinder(3, 2.12132, 71.7447)
			MovRel3f(0, 71.7447, 0)
		EB()
		SB()
			RotRel3f(1.05165, 0, 1, 0)
			RotRel3f(-1.42814, 0, 0, 1)
			Cylinder(3, 2.12132, 71.562)
			MovRel3f(0, 71.562, 0)
		EB()
		SB()
			RotRel3f(2.01952, 0, 1, 0)
			RotRel3f(-1.23752, 0, 0, 1)
			Cylinder(3, 2.12132, 71.6916)
			MovRel3f(0, 71.6916, 0)
		EB()
		SB()
			RotRel3f(1.89255, 0, 1, 0)
			RotRel3f(-0.171073, 0, 0, 1)
			Cylinder(3, 2.12132, 71.4813)
			MovRel3f(0, 71.4813, 0)
		EB()
		SB()
			RotRel3f(2.11122, 0, 1, 0)
			RotRel3f(0.318222, 0, 0, 1)
			Cylinder(3, 2.12132, 71.6744)
			MovRel3f(0, 71.6744, 0)
		EB()
	EB()
	SB()
		RotRel3f(2.11122, 0, 1, 0)
		RotRel3f(0.305459, 0, 0, 1)
		Cylinder(3, 3, 91.5373)
		MovRel3f(0, 91.5373, 0)
		SB()
			RotRel3f(2.9442, 0, 1, 0)
			RotRel3f(-0.763153, 0, 0, 1)
			Cylinder(3, 2.12132, 77.1332)
			MovRel3f(0, 77.1332, 0)
		EB()
		SB()
			RotRel3f(0.942, 0, 1, 0)
			RotRel3f(0.779934, 0, 0, 1)
			Cylinder(3, 2.12132, 77.0929)
			MovRel3f(0, 77.0929, 0)
		EB()
		SB()
			RotRel3f(2.81984, 0, 1, 0)
			RotRel3f(1.94167, 0, 0, 1)
			Cylinder(3, 2.12132, 77.2861)
			MovRel3f(0, 77.2861, 0)
		EB()
		SB()
			RotRel3f(1.66146, 0, 1, 0)
			RotRel3f(2.16442, 0, 0, 1)
			Cylinder(3, 2.12132, 76.807)
			MovRel3f(0, 76.807, 0)
		EB()
		SB()
			RotRel3f(1.05165, 0, 1, 0)
			RotRel3f(-1.4257, 0, 0, 1)
			Cylinder(3, 2.12132, 76.647)
			MovRel3f(0, 76.647, 0)
		EB()
		SB()
			RotRel3f(2.01952, 0, 1, 0)
			RotRel3f(-1.23838, 0, 0, 1)
			Cylinder(3, 2.12132, 76.9098)
			MovRel3f(0, 76.9098, 0)
		EB()
		SB()
			RotRel3f(1.89255, 0, 1, 0)
			RotRel3f(-0.171321, 0, 0, 1)
			Cylinder(3, 2.12132, 77.2462)
			MovRel3f(0, 77.2462, 0)
		EB()
		SB()
			RotRel3f(2.11122, 0, 1, 0)
			RotRel3f(0.313803, 0, 0, 1)
			Cylinder(3, 2.12132, 76.8864)
			MovRel3f(0, 76.8864, 0)
		EB()
	EB()
EB()
