LST 0.1

SB()
	RotRel3f(0, 0, 1, 0)
	RotRel3f(0.00544164, 0, 0, 1)
	Cylinder(3, 3, 260.557)
	MovRel3f(0, 260.557, 0)
	SB()
		RotRel3f(1.78946, 0, 1, 0)
		RotRel3f(-0.487138, 0, 0, 1)
		Cylinder(3, 3, 173.695)
		MovRel3f(0, 173.695, 0)
		SB()
			RotRel3f(1.78946, 0, 1, 0)
			RotRel3f(-0.470711, 0, 0, 1)
			Cylinder(3, 2.12132, 145.564)
			MovRel3f(0, 145.564, 0)
		EB()
		SB()
			RotRel3f(2.9442, 0, 1, 0)
			RotRel3f(0.766557, 0, 0, 1)
			Cylinder(3, 2.12132, 145.99)
			MovRel3f(0, 145.99, 0)
		EB()
		SB()
			RotRel3f(1.32582, 0, 1, 0)
			RotRel3f(0.276991, 0, 0, 1)
			Cylinder(3, 2.12132, 146.779)
			MovRel3f(0, 146.779, 0)
		EB()
	EB()
	SB()
		RotRel3f(2.9442, 0, 1, 0)
		RotRel3f(0.759732, 0, 0, 1)
		Cylinder(3, 3, 202.225)
		MovRel3f(0, 202.225, 0)
		SB()
			RotRel3f(1.78946, 0, 1, 0)
			RotRel3f(-0.49619, 0, 0, 1)
			Cylinder(3, 2.12132, 170.123)
			MovRel3f(0, 170.123, 0)
		EB()
		SB()
			RotRel3f(2.9442, 0, 1, 0)
			RotRel3f(0.765332, 0, 0, 1)
			Cylinder(3, 2.12132, 170.534)
			MovRel3f(0, 170.534, 0)
		EB()
		SB()
			RotRel3f(1.32582, 0, 1, 0)
			RotRel3f(0.270302, 0, 0, 1)
			Cylinder(3, 2.12132, 170.197)
			MovRel3f(0, 170.197, 0)
		EB()
	EB()
	SB()
		RotRel3f(1.32582, 0, 1, 0)
		RotRel3f(0.276728, 0, 0, 1)
		Cylinder(3, 3, 198.469)
		MovRel3f(0, 198.469, 0)
		SB()
			RotRel3f(1.78946, 0, 1, 0)
			RotRel3f(-0.480247, 0, 0, 1)
			Cylinder(3, 2.12132, 166.995)
			MovRel3f(0, 166.995, 0)
		EB()
		SB()
			RotRel3f(2.9442, 0, 1, 0)
			RotRel3f(0.760725, 0, 0, 1)
			Cylinder(3, 2.12132, 167.238)
			MovRel3f(0, 167.238, 0)
		EB()
		SB()
			RotRel3f(1.32582, 0, 1, 0)
			RotRel3f(0.275656, 0, 0, 1)
			Cylinder(3, 2.12132, 166.612)
			MovRel3f(0, 166.612, 0)
		EB()
	EB()
EB()
