LST 0.1

SB()
	RotRel3f(0, 0, 1, 0)
	RotRel3f(3.61999e-06, 0, 0, 1)
	Cylinder(3, 3, 135.989)
	MovRel3f(0, 135.989, 0)
	SB()
		RotRel3f(0.785398, 0, 1, 0)
		RotRel3f(0.972567, 0, 0, 1)
		Cylinder(3, 3, 158.608)
		MovRel3f(0, 158.608, 0)
		SB()
			RotRel3f(0.785398, 0, 1, 0)
			RotRel3f(0.975098, 0, 0, 1)
			Cylinder(3, 2.12132, 132.974)
			MovRel3f(0, 132.974, 0)
			SB()
				RotRel3f(0.785398, 0, 1, 0)
				RotRel3f(0.975006, 0, 0, 1)
				Cylinder(2.12132, 1.5, 111.598)
				MovRel3f(0, 111.598, 0)
			EB()
			SB()
				RotRel3f(2.55359, 0, 1, 0)
				RotRel3f(-0.24155, 0, 0, 1)
				Cylinder(2.12132, 1.5, 111.925)
				MovRel3f(0, 111.925, 0)
			EB()
			SB()
				RotRel3f(2.27942, 0, 1, 0)
				RotRel3f(0.337228, 0, 0, 1)
				Cylinder(2.12132, 1.5, 111.628)
				MovRel3f(0, 111.628, 0)
			EB()
			SB()
				RotRel3f(2.11935, 0, 1, 0)
				RotRel3f(-0.901826, 0, 0, 1)
				Cylinder(2.12132, 1.5, 111.802)
				MovRel3f(0, 111.802, 0)
			EB()
		EB()
		SB()
			RotRel3f(2.55359, 0, 1, 0)
			RotRel3f(-0.243388, 0, 0, 1)
			Cylinder(3, 2.12132, 133.865)
			MovRel3f(0, 133.865, 0)
			SB()
				RotRel3f(0.785398, 0, 1, 0)
				RotRel3f(0.974027, 0, 0, 1)
				Cylinder(2.12132, 1.5, 112.684)
				MovRel3f(0, 112.684, 0)
			EB()
			SB()
				RotRel3f(2.55359, 0, 1, 0)
				RotRel3f(-0.244309, 0, 0, 1)
				Cylinder(2.12132, 1.5, 112.934)
				MovRel3f(0, 112.934, 0)
			EB()
			SB()
				RotRel3f(2.27942, 0, 1, 0)
				RotRel3f(0.337587, 0, 0, 1)
				Cylinder(2.12132, 1.5, 112.949)
				MovRel3f(0, 112.949, 0)
			EB()
			SB()
				RotRel3f(2.11935, 0, 1, 0)
				RotRel3f(-0.907492, 0, 0, 1)
				Cylinder(2.12132, 1.5, 112.63)
				MovRel3f(0, 112.63, 0)
			EB()
		EB()
		SB()
			RotRel3f(2.27942, 0, 1, 0)
			RotRel3f(0.337339, 0, 0, 1)
			Cylinder(3, 2.12132, 132.93)
			MovRel3f(0, 132.93, 0)
			SB()
				RotRel3f(0.785398, 0, 1, 0)
				RotRel3f(0.975824, 0, 0, 1)
				Cylinder(2.12132, 1.5, 111.986)
				MovRel3f(0, 111.986, 0)
			EB()
			SB()
				RotRel3f(2.55359, 0, 1, 0)
				RotRel3f(-0.250676, 0, 0, 1)
				Cylinder(2.12132, 1.5, 112.143)
				MovRel3f(0, 112.143, 0)
			EB()
			SB()
				RotRel3f(2.27942, 0, 1, 0)
				RotRel3f(0.337457, 0, 0, 1)
				Cylinder(2.12132, 1.5, 111.959)
				MovRel3f(0, 111.959, 0)
			EB()
			SB()
				RotRel3f(2.11935, 0, 1, 0)
				RotRel3f(-0.889136, 0, 0, 1)
				Cylinder(2.12132, 1.5, 111.789)
				MovRel3f(0, 111.789, 0)
			EB()
		EB()
		SB()
			RotRel3f(2.11935, 0, 1, 0)
			RotRel3f(-0.926637, 0, 0, 1)
			Cylinder(3, 2.12132, 133.35)
			MovRel3f(0, 133.35, 0)
			SB()
				RotRel3f(0.785398, 0, 1, 0)
				RotRel3f(0.976727, 0, 0, 1)
				Cylinder(2.12132, 1.5, 112.219)
				MovRel3f(0, 112.219, 0)
			EB()
			SB()
				RotRel3f(2.55359, 0, 1, 0)
				RotRel3f(-0.240907, 0, 0, 1)
				Cylinder(2.12132, 1.5, 111.88)
				MovRel3f(0, 111.88, 0)
			EB()
			SB()
				RotRel3f(2.27942, 0, 1, 0)
				RotRel3f(0.337419, 0, 0, 1)
				Cylinder(2.12132, 1.5, 111.799)
				MovRel3f(0, 111.799, 0)
			EB()
			SB()
				RotRel3f(2.11935, 0, 1, 0)
				RotRel3f(-0.90809, 0, 0, 1)
				Cylinder(2.12132, 1.5, 111.643)
				MovRel3f(0, 111.643, 0)
			EB()
		EB()
	EB()
	SB()
		RotRel3f(2.55359, 0, 1, 0)
		RotRel3f(-0.244886, 0, 0, 1)
		Cylinder(3, 3, 133.475)
		MovRel3f(0, 133.475, 0)
		SB()
			RotRel3f(0.785398, 0, 1, 0)
			RotRel3f(0.97052, 0, 0, 1)
			Cylinder(3, 2.12132, 112.316)
			MovRel3f(0, 112.316, 0)
			SB()
				RotRel3f(0.785398, 0, 1, 0)
				RotRel3f(0.975195, 0, 0, 1)
				Cylinder(2.12132, 1.5, 94.6196)
				MovRel3f(0, 94.6196, 0)
			EB()
			SB()
				RotRel3f(2.55359, 0, 1, 0)
				RotRel3f(-0.244031, 0, 0, 1)
				Cylinder(2.12132, 1.5, 94.2393)
				MovRel3f(0, 94.2393, 0)
			EB()
			SB()
				RotRel3f(2.27942, 0, 1, 0)
				RotRel3f(0.337093, 0, 0, 1)
				Cylinder(2.12132, 1.5, 94.7197)
				MovRel3f(0, 94.7197, 0)
			EB()
			SB()
				RotRel3f(2.11935, 0, 1, 0)
				RotRel3f(-0.940037, 0, 0, 1)
				Cylinder(2.12132, 1.5, 94.2704)
				MovRel3f(0, 94.2704, 0)
			EB()
		EB()
		SB()
			RotRel3f(2.55359, 0, 1, 0)
			RotRel3f(-0.24832, 0, 0, 1)
			Cylinder(3, 2.12132, 112)
			MovRel3f(0, 112, 0)
			SB()
				RotRel3f(0.785398, 0, 1, 0)
				RotRel3f(0.975145, 0, 0, 1)
				Cylinder(2.12132, 1.5, 94.4002)
				MovRel3f(0, 94.4002, 0)
			EB()
			SB()
				RotRel3f(2.55359, 0, 1, 0)
				RotRel3f(-0.247076, 0, 0, 1)
				Cylinder(2.12132, 1.5, 94.2512)
				MovRel3f(0, 94.2512, 0)
			EB()
			SB()
				RotRel3f(2.27942, 0, 1, 0)
				RotRel3f(0.337452, 0, 0, 1)
				Cylinder(2.12132, 1.5, 94.1214)
				MovRel3f(0, 94.1214, 0)
			EB()
			SB()
				RotRel3f(2.11935, 0, 1, 0)
				RotRel3f(-0.938807, 0, 0, 1)
				Cylinder(2.12132, 1.5, 94.2976)
				MovRel3f(0, 94.2976, 0)
			EB()
		EB()
		SB()
			RotRel3f(2.27942, 0, 1, 0)
			RotRel3f(0.337296, 0, 0, 1)
			Cylinder(3, 2.12132, 111.998)
			MovRel3f(0, 111.998, 0)
			SB()
				RotRel3f(0.785398, 0, 1, 0)
				RotRel3f(0.977738, 0, 0, 1)
				Cylinder(2.12132, 1.5, 94.2378)
				MovRel3f(0, 94.2378, 0)
			EB()
			SB()
				RotRel3f(2.55359, 0, 1, 0)
				RotRel3f(-0.248373, 0, 0, 1)
				Cylinder(2.12132, 1.5, 94.5386)
				MovRel3f(0, 94.5386, 0)
			EB()
			SB()
				RotRel3f(2.27942, 0, 1, 0)
				RotRel3f(0.337451, 0, 0, 1)
				Cylinder(2.12132, 1.5, 93.9092)
				MovRel3f(0, 93.9092, 0)
			EB()
			SB()
				RotRel3f(2.11935, 0, 1, 0)
				RotRel3f(-0.929104, 0, 0, 1)
				Cylinder(2.12132, 1.5, 94.1734)
				MovRel3f(0, 94.1734, 0)
			EB()
		EB()
		SB()
			RotRel3f(2.11935, 0, 1, 0)
			RotRel3f(-0.925078, 0, 0, 1)
			Cylinder(3, 2.12132, 112.074)
			MovRel3f(0, 112.074, 0)
			SB()
				RotRel3f(0.785398, 0, 1, 0)
				RotRel3f(0.977539, 0, 0, 1)
				Cylinder(2.12132, 1.5, 94.0768)
				MovRel3f(0, 94.0768, 0)
			EB()
			SB()
				RotRel3f(2.55359, 0, 1, 0)
				RotRel3f(-0.238485, 0, 0, 1)
				Cylinder(2.12132, 1.5, 94.5828)
				MovRel3f(0, 94.5828, 0)
			EB()
			SB()
				RotRel3f(2.27942, 0, 1, 0)
				RotRel3f(0.337218, 0, 0, 1)
				Cylinder(2.12132, 1.5, 94.2401)
				MovRel3f(0, 94.2401, 0)
			EB()
			SB()
				RotRel3f(2.11935, 0, 1, 0)
				RotRel3f(-0.928454, 0, 0, 1)
				Cylinder(2.12132, 1.5, 93.9335)
				MovRel3f(0, 93.9335, 0)
			EB()
		EB()
	EB()
	SB()
		RotRel3f(2.27942, 0, 1, 0)
		RotRel3f(0.337494, 0, 0, 1)
		Cylinder(3, 3, 121.214)
		MovRel3f(0, 121.214, 0)
		SB()
			RotRel3f(0.785398, 0, 1, 0)
			RotRel3f(0.974476, 0, 0, 1)
			Cylinder(3, 2.12132, 102.17)
			MovRel3f(0, 102.17, 0)
			SB()
				RotRel3f(0.785398, 0, 1, 0)
				RotRel3f(0.974388, 0, 0, 1)
				Cylinder(2.12132, 1.5, 86.2253)
				MovRel3f(0, 86.2253, 0)
			EB()
			SB()
				RotRel3f(2.55359, 0, 1, 0)
				RotRel3f(-0.238655, 0, 0, 1)
				Cylinder(2.12132, 1.5, 86.0049)
				MovRel3f(0, 86.0049, 0)
			EB()
			SB()
				RotRel3f(2.27942, 0, 1, 0)
				RotRel3f(0.337731, 0, 0, 1)
				Cylinder(2.12132, 1.5, 85.9871)
				MovRel3f(0, 85.9871, 0)
			EB()
			SB()
				RotRel3f(2.11935, 0, 1, 0)
				RotRel3f(-0.895257, 0, 0, 1)
				Cylinder(2.12132, 1.5, 85.8093)
				MovRel3f(0, 85.8093, 0)
			EB()
		EB()
		SB()
			RotRel3f(2.55359, 0, 1, 0)
			RotRel3f(-0.236739, 0, 0, 1)
			Cylinder(3, 2.12132, 101.836)
			MovRel3f(0, 101.836, 0)
			SB()
				RotRel3f(0.785398, 0, 1, 0)
				RotRel3f(0.973486, 0, 0, 1)
				Cylinder(2.12132, 1.5, 85.2987)
				MovRel3f(0, 85.2987, 0)
			EB()
			SB()
				RotRel3f(2.55359, 0, 1, 0)
				RotRel3f(-0.246165, 0, 0, 1)
				Cylinder(2.12132, 1.5, 85.6204)
				MovRel3f(0, 85.6204, 0)
			EB()
			SB()
				RotRel3f(2.27942, 0, 1, 0)
				RotRel3f(0.337472, 0, 0, 1)
				Cylinder(2.12132, 1.5, 85.2832)
				MovRel3f(0, 85.2832, 0)
			EB()
			SB()
				RotRel3f(2.11935, 0, 1, 0)
				RotRel3f(-0.919393, 0, 0, 1)
				Cylinder(2.12132, 1.5, 85.4057)
				MovRel3f(0, 85.4057, 0)
			EB()
		EB()
		SB()
			RotRel3f(2.27942, 0, 1, 0)
			RotRel3f(0.337698, 0, 0, 1)
			Cylinder(3, 2.12132, 101.465)
			MovRel3f(0, 101.465, 0)
			SB()
				RotRel3f(0.785398, 0, 1, 0)
				RotRel3f(0.969465, 0, 0, 1)
				Cylinder(2.12132, 1.5, 85.3378)
				MovRel3f(0, 85.3378, 0)
			EB()
			SB()
				RotRel3f(2.55359, 0, 1, 0)
				RotRel3f(-0.253654, 0, 0, 1)
				Cylinder(2.12132, 1.5, 85.1954)
				MovRel3f(0, 85.1954, 0)
			EB()
			SB()
				RotRel3f(2.27942, 0, 1, 0)
				RotRel3f(0.337558, 0, 0, 1)
				Cylinder(2.12132, 1.5, 85.246)
				MovRel3f(0, 85.246, 0)
			EB()
			SB()
				RotRel3f(2.11935, 0, 1, 0)
				RotRel3f(-0.929546, 0, 0, 1)
				Cylinder(2.12132, 1.5, 85.5154)
				MovRel3f(0, 85.5154, 0)
			EB()
		EB()
		SB()
			RotRel3f(2.11935, 0, 1, 0)
			RotRel3f(-0.92595, 0, 0, 1)
			Cylinder(3, 2.12132, 102.102)
			MovRel3f(0, 102.102, 0)
			SB()
				RotRel3f(0.785398, 0, 1, 0)
				RotRel3f(0.971719, 0, 0, 1)
				Cylinder(2.12132, 1.5, 85.6098)
				MovRel3f(0, 85.6098, 0)
			EB()
			SB()
				RotRel3f(2.55359, 0, 1, 0)
				RotRel3f(-0.246111, 0, 0, 1)
				Cylinder(2.12132, 1.5, 85.777)
				MovRel3f(0, 85.777, 0)
			EB()
			SB()
				RotRel3f(2.27942, 0, 1, 0)
				RotRel3f(0.337116, 0, 0, 1)
				Cylinder(2.12132, 1.5, 85.981)
				MovRel3f(0, 85.981, 0)
			EB()
			SB()
				RotRel3f(2.11935, 0, 1, 0)
				RotRel3f(-0.937054, 0, 0, 1)
				Cylinder(2.12132, 1.5, 85.7799)
				MovRel3f(0, 85.7799, 0)
			EB()
		EB()
	EB()
	SB()
		RotRel3f(2.11935, 0, 1, 0)
		RotRel3f(-0.923565, 0, 0, 1)
		Cylinder(3, 3, 112.6)
		MovRel3f(0, 112.6, 0)
		SB()
			RotRel3f(0.785398, 0, 1, 0)
			RotRel3f(0.976262, 0, 0, 1)
			Cylinder(3, 2.12132, 94.832)
			MovRel3f(0, 94.832, 0)
			SB()
				RotRel3f(0.785398, 0, 1, 0)
				RotRel3f(0.976439, 0, 0, 1)
				Cylinder(2.12132, 1.5, 79.4348)
				MovRel3f(0, 79.4348, 0)
			EB()
			SB()
				RotRel3f(2.55359, 0, 1, 0)
				RotRel3f(-0.253751, 0, 0, 1)
				Cylinder(2.12132, 1.5, 79.5617)
				MovRel3f(0, 79.5617, 0)
			EB()
			SB()
				RotRel3f(2.27942, 0, 1, 0)
				RotRel3f(0.33756, 0, 0, 1)
				Cylinder(2.12132, 1.5, 79.4855)
				MovRel3f(0, 79.4855, 0)
			EB()
			SB()
				RotRel3f(2.11935, 0, 1, 0)
				RotRel3f(-0.917652, 0, 0, 1)
				Cylinder(2.12132, 1.5, 79.8521)
				MovRel3f(0, 79.8521, 0)
			EB()
		EB()
		SB()
			RotRel3f(2.55359, 0, 1, 0)
			RotRel3f(-0.245445, 0, 0, 1)
			Cylinder(3, 2.12132, 94.854)
			MovRel3f(0, 94.854, 0)
			SB()
				RotRel3f(0.785398, 0, 1, 0)
				RotRel3f(0.968509, 0, 0, 1)
				Cylinder(2.12132, 1.5, 79.7771)
				MovRel3f(0, 79.7771, 0)
			EB()
			SB()
				RotRel3f(2.55359, 0, 1, 0)
				RotRel3f(-0.245132, 0, 0, 1)
				Cylinder(2.12132, 1.5, 79.9906)
				MovRel3f(0, 79.9906, 0)
			EB()
			SB()
				RotRel3f(2.27942, 0, 1, 0)
				RotRel3f(0.337087, 0, 0, 1)
				Cylinder(2.12132, 1.5, 79.5579)
				MovRel3f(0, 79.5579, 0)
			EB()
			SB()
				RotRel3f(2.11935, 0, 1, 0)
				RotRel3f(-0.915351, 0, 0, 1)
				Cylinder(2.12132, 1.5, 79.7931)
				MovRel3f(0, 79.7931, 0)
			EB()
		EB()
		SB()
			RotRel3f(2.27942, 0, 1, 0)
			RotRel3f(0.337651, 0, 0, 1)
			Cylinder(3, 2.12132, 94.3209)
			MovRel3f(0, 94.3209, 0)
			SB()
				RotRel3f(0.785398, 0, 1, 0)
				RotRel3f(0.973225, 0, 0, 1)
				Cylinder(2.12132, 1.5, 79.0524)
				MovRel3f(0, 79.0524, 0)
			EB()
			SB()
				RotRel3f(2.55359, 0, 1, 0)
				RotRel3f(-0.239339, 0, 0, 1)
				Cylinder(2.12132, 1.5, 79.4632)
				MovRel3f(0, 79.4632, 0)
			EB()
			SB()
				RotRel3f(2.27942, 0, 1, 0)
				RotRel3f(0.337425, 0, 0, 1)
				Cylinder(2.12132, 1.5, 79.3471)
				MovRel3f(0, 79.3471, 0)
			EB()
			SB()
				RotRel3f(2.11935, 0, 1, 0)
				RotRel3f(-0.929625, 0, 0, 1)
				Cylinder(2.12132, 1.5, 79.3207)
				MovRel3f(0, 79.3207, 0)
			EB()
		EB()
		SB()
			RotRel3f(2.11935, 0, 1, 0)
			RotRel3f(-0.912867, 0, 0, 1)
			Cylinder(3, 2.12132, 94.5831)
			MovRel3f(0, 94.5831, 0)
			SB()
				RotRel3f(0.785398, 0, 1, 0)
				RotRel3f(0.975621, 0, 0, 1)
				Cylinder(2.12132, 1.5, 79.3751)
				MovRel3f(0, 79.3751, 0)
			EB()
			SB()
				RotRel3f(2.55359, 0, 1, 0)
				RotRel3f(-0.249971, 0, 0, 1)
				Cylinder(2.12132, 1.5, 79.5906)
				MovRel3f(0, 79.5906, 0)
			EB()
			SB()
				RotRel3f(2.27942, 0, 1, 0)
				RotRel3f(0.337208, 0, 0, 1)
				Cylinder(2.12132, 1.5, 79.5066)
				MovRel3f(0, 79.5066, 0)
			EB()
			SB()
				RotRel3f(2.11935, 0, 1, 0)
				RotRel3f(-0.947597, 0, 0, 1)
				Cylinder(2.12132, 1.5, 79.62)
				MovRel3f(0, 79.62, 0)
			EB()
		EB()
	EB()
EB()
